=== Starting LED Control Demo Monitoring ===

Starting Prometheus and Grafana...
time="2026-07-13T21:52:55-04:00" level=warning msg="/home/lge/work/demo/sdv-blueprint/resource-isolation/single_node/monitoring/docker-compose.yml: the attribute `version` is obsolete, it will be ignored, please remove it to avoid potential confusion"
 Image grafana/grafana:latest Pulling 
 Image prom/prometheus:latest Pulling 
 6c1eb8f7a561 Pulling fs layer 0B
 b124010701b9 Pulling fs layer 0B
 ffd68bafd674 Pulling fs layer 0B
 55afa1ecc21d Pulling fs layer 0B
 6e6085636f02 Pulling fs layer 0B
 959723483440 Pulling fs layer 0B
 5ed3d4d076b0 Pulling fs layer 0B
 7e079c586e0d Pulling fs layer 0B
 39e3d1c87577 Pulling fs layer 0B
 4f4fb700ef54 Pulling fs layer 0B
 8551e3a9b2dd Pulling fs layer 0B
 4f4fb700ef54 Already exists 0B
 19e3e41238b7 Pulling fs layer 0B
 356118db25e3 Pulling fs layer 0B
 0fe6f1142ce7 Pulling fs layer 0B
 ed3491c71852 Pulling fs layer 0B
 c93f261857c3 Pulling fs layer 0B
 e2a8f759da02 Pulling fs layer 0B
 ffe63bd2bf8c Pulling fs layer 0B
 2289dffc95ae Pulling fs layer 0B
 bef5f3176279 Pulling fs layer 0B
 6c1eb8f7a561 Download complete 0B
 0fe6f1142ce7 Download complete 0B
 b124010701b9 Downloading 1.049MB
 b124010701b9 Downloading 2.097MB
 356118db25e3 Download complete 0B
 39e3d1c87577 Downloading 140B
 b124010701b9 Downloading 3.146MB
 ffd68bafd674 Download complete 0B
 8551e3a9b2dd Download complete 0B
 b124010701b9 Download complete 0B
 7e079c586e0d Download complete 0B
 39e3d1c87577 Download complete 0B
 ffe63bd2bf8c Download complete 0B
 2289dffc95ae Download complete 0B
 e2a8f759da02 Download complete 0B
 bef5f3176279 Download complete 0B
 6e6085636f02 Downloading 1.049MB
 c93f261857c3 Downloading 800.3kB
 6e6085636f02 Downloading 1.049MB
 5ed3d4d076b0 Downloading 1.049MB
 55afa1ecc21d Downloading 1.049MB
 c93f261857c3 Download complete 0B
 bef5f3176279 Extracting 1B
 c93f261857c3 Pull complete 0B
 6e6085636f02 Downloading 1.049MB
 5ed3d4d076b0 Downloading 1.049MB
 55afa1ecc21d Downloading 1.049MB
 ed3491c71852 Downloading 1.049MB
 bef5f3176279 Pull complete 0B
 6e6085636f02 Downloading 1.049MB
 5ed3d4d076b0 Downloading 1.049MB
 55afa1ecc21d Downloading 1.049MB
 ed3491c71852 Downloading 1.049MB
 55afa1ecc21d Downloading 1.049MB
 6e6085636f02 Downloading 1.049MB
 5ed3d4d076b0 Downloading 1.049MB
 ed3491c71852 Downloading 1.049MB
 55afa1ecc21d Downloading 2.097MB
 6e6085636f02 Downloading 1.049MB
 5ed3d4d076b0 Downloading 2.097MB
 19e3e41238b7 Downloading 1.049MB
 ed3491c71852 Downloading 1.049MB
 6e6085636f02 Downloading 2.097MB
 5ed3d4d076b0 Downloading 2.097MB
 55afa1ecc21d Downloading 2.097MB
 ed3491c71852 Downloading 1.049MB
 19e3e41238b7 Downloading 1.049MB
 55afa1ecc21d Downloading 2.097MB
 6e6085636f02 Downloading 2.097MB
 5ed3d4d076b0 Downloading 2.097MB
 19e3e41238b7 Downloading 1.049MB
 ed3491c71852 Downloading 2.097MB
 959723483440 Downloading 1.049MB
 6e6085636f02 Downloading 2.097MB
 5ed3d4d076b0 Downloading 2.097MB
 55afa1ecc21d Downloading 2.097MB
 ed3491c71852 Downloading 2.097MB
 19e3e41238b7 Downloading 1.049MB
 959723483440 Downloading 1.049MB
 6e6085636f02 Downloading 2.097MB
 5ed3d4d076b0 Downloading 2.097MB
 55afa1ecc21d Downloading 3.146MB
 ed3491c71852 Downloading 2.097MB
 19e3e41238b7 Downloading 1.049MB
 55afa1ecc21d Downloading 3.146MB
 959723483440 Downloading 1.049MB
 6e6085636f02 Downloading 2.097MB
 5ed3d4d076b0 Downloading 3.146MB
 ed3491c71852 Downloading 2.097MB
 19e3e41238b7 Downloading 1.049MB
 959723483440 Downloading 1.049MB
 6e6085636f02 Downloading 3.146MB
 5ed3d4d076b0 Downloading 3.146MB
 55afa1ecc21d Downloading 3.146MB
 ed3491c71852 Downloading 2.097MB
 19e3e41238b7 Downloading 2.097MB
 55afa1ecc21d Download complete 0B
 959723483440 Downloading 1.049MB
 6e6085636f02 Downloading 3.146MB
 5ed3d4d076b0 Downloading 3.146MB
 19e3e41238b7 Downloading 2.097MB
 ed3491c71852 Downloading 3.146MB
 55afa1ecc21d Extracting 1B
 959723483440 Downloading 1.049MB
 6e6085636f02 Downloading 3.146MB
 5ed3d4d076b0 Downloading 3.146MB
 ed3491c71852 Downloading 3.146MB
 19e3e41238b7 Downloading 2.097MB
 55afa1ecc21d Pull complete 0B
 959723483440 Downloading 2.097MB
 6e6085636f02 Downloading 3.146MB
 5ed3d4d076b0 Downloading 4.194MB
 ed3491c71852 Downloading 3.146MB
 19e3e41238b7 Downloading 2.097MB
 b124010701b9 Extracting 1B
 39e3d1c87577 Pull complete 0B
 959723483440 Downloading 2.097MB
 6e6085636f02 Downloading 3.146MB
 5ed3d4d076b0 Downloading 4.194MB
 ed3491c71852 Downloading 3.146MB
 19e3e41238b7 Downloading 2.097MB
 b124010701b9 Pull complete 0B
 959723483440 Downloading 2.097MB
 6e6085636f02 Downloading 3.146MB
 5ed3d4d076b0 Downloading 4.194MB
 19e3e41238b7 Downloading 3.146MB
 ed3491c71852 Downloading 4.194MB
 959723483440 Downloading 2.097MB
 6e6085636f02 Downloading 3.146MB
 5ed3d4d076b0 Downloading 4.194MB
 ed3491c71852 Downloading 4.194MB
 19e3e41238b7 Downloading 3.146MB
 959723483440 Downloading 2.097MB
 6e6085636f02 Downloading 3.146MB
 5ed3d4d076b0 Downloading 5.243MB
 19e3e41238b7 Downloading 3.146MB
 ed3491c71852 Downloading 4.194MB
 959723483440 Downloading 3.146MB
 6e6085636f02 Downloading 4.194MB
 5ed3d4d076b0 Downloading 5.243MB
 ed3491c71852 Downloading 5.243MB
 19e3e41238b7 Downloading 4.194MB
 5ed3d4d076b0 Downloading 5.243MB
 959723483440 Downloading 3.146MB
 6e6085636f02 Downloading 4.194MB
 ed3491c71852 Downloading 5.243MB
 19e3e41238b7 Downloading 4.194MB
 959723483440 Downloading 3.146MB
 6e6085636f02 Downloading 4.194MB
 5ed3d4d076b0 Downloading 6.291MB
 ed3491c71852 Downloading 5.243MB
 19e3e41238b7 Downloading 4.194MB
 959723483440 Downloading 3.146MB
 6e6085636f02 Downloading 4.194MB
 5ed3d4d076b0 Downloading 6.291MB
 ed3491c71852 Downloading 5.243MB
 19e3e41238b7 Downloading 4.194MB
 959723483440 Downloading 3.146MB
 6e6085636f02 Downloading 4.194MB
 5ed3d4d076b0 Downloading 6.291MB
 19e3e41238b7 Downloading 5.243MB
 ed3491c71852 Downloading 5.243MB
 959723483440 Downloading 4.194MB
 6e6085636f02 Downloading 4.194MB
 5ed3d4d076b0 Downloading 7.34MB
 19e3e41238b7 Downloading 5.243MB
 ed3491c71852 Downloading 6.291MB
 959723483440 Downloading 4.194MB
 6e6085636f02 Downloading 4.194MB
 5ed3d4d076b0 Downloading 7.34MB
 19e3e41238b7 Downloading 5.243MB
 ed3491c71852 Downloading 6.291MB
 959723483440 Downloading 4.194MB
 6e6085636f02 Downloading 4.194MB
 5ed3d4d076b0 Downloading 7.34MB
 19e3e41238b7 Downloading 5.243MB
 ed3491c71852 Downloading 6.291MB
 959723483440 Downloading 4.194MB
 6e6085636f02 Downloading 4.194MB
 5ed3d4d076b0 Downloading 8.389MB
 ed3491c71852 Downloading 7.34MB
 19e3e41238b7 Downloading 5.243MB
 959723483440 Downloading 4.194MB
 6e6085636f02 Downloading 4.194MB
 5ed3d4d076b0 Downloading 8.389MB
 ed3491c71852 Downloading 7.34MB
 19e3e41238b7 Downloading 6.291MB
 959723483440 Downloading 5.243MB
 6e6085636f02 Downloading 4.194MB
 5ed3d4d076b0 Downloading 8.389MB
 ed3491c71852 Downloading 7.34MB
 19e3e41238b7 Downloading 6.291MB
 959723483440 Downloading 5.243MB
 6e6085636f02 Downloading 5.243MB
 5ed3d4d076b0 Downloading 9.437MB
 ed3491c71852 Downloading 7.34MB
 19e3e41238b7 Downloading 6.291MB
 959723483440 Downloading 5.243MB
 6e6085636f02 Downloading 5.243MB
 5ed3d4d076b0 Downloading 9.437MB
 19e3e41238b7 Downloading 6.291MB
 ed3491c71852 Downloading 7.34MB
 959723483440 Downloading 6.291MB
 6e6085636f02 Downloading 5.243MB
 5ed3d4d076b0 Downloading 9.437MB
 ed3491c71852 Downloading 7.34MB
 19e3e41238b7 Downloading 7.34MB
 959723483440 Downloading 6.291MB
 6e6085636f02 Downloading 5.243MB
 5ed3d4d076b0 Downloading 9.437MB
 ed3491c71852 Downloading 8.389MB
 19e3e41238b7 Downloading 7.34MB
 959723483440 Downloading 6.291MB
 6e6085636f02 Downloading 5.243MB
 5ed3d4d076b0 Downloading 10.49MB
 ed3491c71852 Downloading 8.389MB
 19e3e41238b7 Downloading 7.34MB
 959723483440 Downloading 7.34MB
 6e6085636f02 Downloading 5.243MB
 5ed3d4d076b0 Downloading 10.49MB
 19e3e41238b7 Downloading 7.34MB
 ed3491c71852 Downloading 8.389MB
 959723483440 Downloading 7.34MB
 6e6085636f02 Downloading 6.291MB
 5ed3d4d076b0 Downloading 10.49MB
 ed3491c71852 Downloading 8.389MB
 19e3e41238b7 Downloading 7.34MB
 959723483440 Downloading 7.34MB
 6e6085636f02 Downloading 6.291MB
 5ed3d4d076b0 Downloading 10.49MB
 19e3e41238b7 Downloading 8.389MB
 ed3491c71852 Downloading 8.389MB
 959723483440 Downloading 8.389MB
 6e6085636f02 Downloading 6.291MB
 5ed3d4d076b0 Downloading 11.53MB
 ed3491c71852 Downloading 8.389MB
 19e3e41238b7 Downloading 8.389MB
 959723483440 Download complete 0B
 6e6085636f02 Downloading 6.291MB
 5ed3d4d076b0 Downloading 11.53MB
 ed3491c71852 Downloading 9.437MB
 19e3e41238b7 Downloading 8.389MB
 959723483440 Extracting 1B
 6e6085636f02 Downloading 6.291MB
 5ed3d4d076b0 Downloading 11.53MB
 ed3491c71852 Downloading 9.437MB
 19e3e41238b7 Downloading 9.437MB
 959723483440 Pull complete 0B
 6e6085636f02 Downloading 6.291MB
 5ed3d4d076b0 Downloading 11.53MB
 6c1eb8f7a561 Pull complete 0B
 19e3e41238b7 Downloading 9.437MB
 ed3491c71852 Downloading 9.437MB
 8551e3a9b2dd Pull complete 0B
 6e6085636f02 Downloading 7.34MB
 5ed3d4d076b0 Downloading 12.58MB
 ed3491c71852 Downloading 9.437MB
 19e3e41238b7 Downloading 10.49MB
 6e6085636f02 Downloading 7.34MB
 5ed3d4d076b0 Downloading 12.58MB
 ed3491c71852 Downloading 10.49MB
 19e3e41238b7 Downloading 10.49MB
 6e6085636f02 Downloading 7.34MB
 5ed3d4d076b0 Downloading 12.58MB
 ed3491c71852 Downloading 10.49MB
 19e3e41238b7 Downloading 10.49MB
 6e6085636f02 Downloading 7.34MB
 5ed3d4d076b0 Downloading 12.58MB
 ed3491c71852 Downloading 10.49MB
 19e3e41238b7 Downloading 11.53MB
 6e6085636f02 Downloading 8.389MB
 5ed3d4d076b0 Downloading 12.58MB
 19e3e41238b7 Downloading 11.53MB
 ed3491c71852 Downloading 10.49MB
 6e6085636f02 Downloading 8.389MB
 5ed3d4d076b0 Downloading 13.63MB
 ed3491c71852 Downloading 11.53MB
 19e3e41238b7 Downloading 12.58MB
 5ed3d4d076b0 Downloading 13.63MB
 6e6085636f02 Downloading 8.389MB
 19e3e41238b7 Downloading 12.58MB
 ed3491c71852 Downloading 11.53MB
 6e6085636f02 Downloading 8.389MB
 5ed3d4d076b0 Downloading 13.63MB
 ed3491c71852 Downloading 11.53MB
 19e3e41238b7 Downloading 13.63MB
 6e6085636f02 Downloading 8.389MB
 5ed3d4d076b0 Downloading 13.63MB
 ed3491c71852 Downloading 11.53MB
 19e3e41238b7 Downloading 13.63MB
 6e6085636f02 Downloading 9.437MB
 5ed3d4d076b0 Downloading 13.63MB
 ed3491c71852 Downloading 12.58MB
 19e3e41238b7 Downloading 14.68MB
 6e6085636f02 Downloading 9.437MB
 5ed3d4d076b0 Downloading 13.63MB
 19e3e41238b7 Downloading 14.68MB
 ed3491c71852 Downloading 12.58MB
 6e6085636f02 Downloading 9.437MB
 5ed3d4d076b0 Downloading 14.68MB
 ed3491c71852 Downloading 12.58MB
 19e3e41238b7 Downloading 15.73MB
 6e6085636f02 Downloading 9.437MB
 5ed3d4d076b0 Downloading 14.68MB
 19e3e41238b7 Downloading 15.73MB
 ed3491c71852 Downloading 13.63MB
 6e6085636f02 Downloading 9.437MB
 5ed3d4d076b0 Downloading 14.68MB
 ed3491c71852 Downloading 13.63MB
 19e3e41238b7 Downloading 16.78MB
 6e6085636f02 Downloading 9.437MB
 5ed3d4d076b0 Downloading 14.68MB
 ed3491c71852 Downloading 13.63MB
 19e3e41238b7 Downloading 16.78MB
 6e6085636f02 Downloading 10.49MB
 5ed3d4d076b0 Downloading 15.73MB
 19e3e41238b7 Downloading 16.78MB
 ed3491c71852 Downloading 13.63MB
 6e6085636f02 Downloading 10.49MB
 5ed3d4d076b0 Downloading 15.73MB
 19e3e41238b7 Downloading 17.83MB
 ed3491c71852 Downloading 14.68MB
 6e6085636f02 Downloading 10.49MB
 5ed3d4d076b0 Downloading 15.73MB
 ed3491c71852 Downloading 14.68MB
 19e3e41238b7 Downloading 17.83MB
 6e6085636f02 Downloading 10.49MB
 5ed3d4d076b0 Downloading 15.73MB
 ed3491c71852 Downloading 14.68MB
 19e3e41238b7 Downloading 18.87MB
 6e6085636f02 Downloading 10.49MB
 5ed3d4d076b0 Downloading 16.78MB
 ed3491c71852 Downloading 14.68MB
 19e3e41238b7 Downloading 18.87MB
 6e6085636f02 Downloading 10.49MB
 5ed3d4d076b0 Downloading 16.78MB
 19e3e41238b7 Downloading 19.92MB
 ed3491c71852 Downloading 15.73MB
 6e6085636f02 Downloading 11.53MB
 5ed3d4d076b0 Downloading 16.78MB
 19e3e41238b7 Downloading 19.92MB
 ed3491c71852 Downloading 15.73MB
 6e6085636f02 Downloading 11.53MB
 5ed3d4d076b0 Downloading 16.78MB
 ed3491c71852 Downloading 15.73MB
 19e3e41238b7 Downloading 19.92MB
 6e6085636f02 Downloading 11.53MB
 5ed3d4d076b0 Downloading 17.83MB
 ed3491c71852 Downloading 16.78MB
 19e3e41238b7 Downloading 20.97MB
 6e6085636f02 Downloading 11.53MB
 5ed3d4d076b0 Downloading 17.83MB
 ed3491c71852 Downloading 16.78MB
 19e3e41238b7 Downloading 20.97MB
 6e6085636f02 Downloading 11.53MB
 5ed3d4d076b0 Downloading 17.83MB
 19e3e41238b7 Downloading 20.97MB
 ed3491c71852 Downloading 16.78MB
 6e6085636f02 Downloading 12.58MB
 5ed3d4d076b0 Downloading 17.83MB
 19e3e41238b7 Downloading 22.02MB
 ed3491c71852 Downloading 17.83MB
 6e6085636f02 Downloading 12.58MB
 5ed3d4d076b0 Downloading 18.87MB
 19e3e41238b7 Downloading 22.02MB
 ed3491c71852 Downloading 17.83MB
 6e6085636f02 Downloading 12.58MB
 5ed3d4d076b0 Downloading 18.87MB
 ed3491c71852 Downloading 17.83MB
 19e3e41238b7 Downloading 22.02MB
 6e6085636f02 Downloading 12.58MB
 5ed3d4d076b0 Downloading 18.87MB
 ed3491c71852 Downloading 18.87MB
 19e3e41238b7 Downloading 22.02MB
 6e6085636f02 Downloading 13.63MB
 5ed3d4d076b0 Downloading 18.87MB
 ed3491c71852 Downloading 18.87MB
 19e3e41238b7 Downloading 23.07MB
 6e6085636f02 Downloading 13.63MB
 5ed3d4d076b0 Downloading 18.87MB
 ed3491c71852 Downloading 19.92MB
 19e3e41238b7 Downloading 23.07MB
 6e6085636f02 Downloading 13.63MB
 5ed3d4d076b0 Downloading 19.92MB
 19e3e41238b7 Downloading 23.07MB
 ed3491c71852 Downloading 19.92MB
 6e6085636f02 Downloading 13.63MB
 5ed3d4d076b0 Downloading 19.92MB
 19e3e41238b7 Downloading 24.12MB
 ed3491c71852 Downloading 19.92MB
 6e6085636f02 Downloading 13.63MB
 5ed3d4d076b0 Downloading 19.92MB
 ed3491c71852 Downloading 20.97MB
 19e3e41238b7 Downloading 24.12MB
 6e6085636f02 Downloading 14.68MB
 5ed3d4d076b0 Downloading 20.97MB
 19e3e41238b7 Downloading 24.12MB
 ed3491c71852 Downloading 20.97MB
 6e6085636f02 Downloading 14.68MB
 5ed3d4d076b0 Downloading 20.97MB
 19e3e41238b7 Downloading 25.17MB
 ed3491c71852 Downloading 20.97MB
 6e6085636f02 Downloading 14.68MB
 5ed3d4d076b0 Downloading 20.97MB
 19e3e41238b7 Downloading 25.17MB
 ed3491c71852 Downloading 20.97MB
 6e6085636f02 Downloading 14.68MB
 5ed3d4d076b0 Downloading 20.97MB
 19e3e41238b7 Downloading 25.17MB
 ed3491c71852 Downloading 22.02MB
 5ed3d4d076b0 Downloading 20.97MB
 6e6085636f02 Downloading 14.68MB
 ed3491c71852 Downloading 22.02MB
 19e3e41238b7 Downloading 26.21MB
 6e6085636f02 Downloading 15.73MB
 5ed3d4d076b0 Downloading 22.02MB
 19e3e41238b7 Downloading 26.21MB
 ed3491c71852 Downloading 22.02MB
 6e6085636f02 Downloading 15.73MB
 5ed3d4d076b0 Downloading 22.02MB
 ed3491c71852 Downloading 22.02MB
 19e3e41238b7 Downloading 27.26MB
 5ed3d4d076b0 Download complete 0B
 6e6085636f02 Downloading 15.73MB
 ed3491c71852 Downloading 23.07MB
 19e3e41238b7 Downloading 27.26MB
 6e6085636f02 Downloading 15.73MB
 19e3e41238b7 Downloading 28.31MB
 ed3491c71852 Downloading 23.07MB
 6e6085636f02 Downloading 16.78MB
 19e3e41238b7 Downloading 28.31MB
 ed3491c71852 Downloading 23.07MB
 6e6085636f02 Downloading 16.78MB
 ed3491c71852 Downloading 23.07MB
 19e3e41238b7 Downloading 29.36MB
 6e6085636f02 Downloading 16.78MB
 ed3491c71852 Downloading 24.12MB
 19e3e41238b7 Downloading 29.36MB
 6e6085636f02 Downloading 17.83MB
 ed3491c71852 Downloading 24.12MB
 19e3e41238b7 Downloading 30.41MB
 6e6085636f02 Downloading 17.83MB
 ed3491c71852 Downloading 24.12MB
 19e3e41238b7 Downloading 30.41MB
 6e6085636f02 Downloading 18.87MB
 ed3491c71852 Downloading 24.12MB
 19e3e41238b7 Downloading 31.46MB
 6e6085636f02 Downloading 18.87MB
 19e3e41238b7 Downloading 31.46MB
 ed3491c71852 Downloading 25.17MB
 6e6085636f02 Downloading 18.87MB
 ed3491c71852 Downloading 25.17MB
 19e3e41238b7 Downloading 32.51MB
 6e6085636f02 Downloading 19.92MB
 ed3491c71852 Downloading 25.17MB
 19e3e41238b7 Downloading 32.51MB
 6e6085636f02 Downloading 19.92MB
 19e3e41238b7 Downloading 33.55MB
 ed3491c71852 Downloading 25.17MB
 6e6085636f02 Downloading 19.92MB
 ed3491c71852 Downloading 26.21MB
 19e3e41238b7 Downloading 34.6MB
 6e6085636f02 Downloading 19.92MB
 ed3491c71852 Downloading 26.21MB
 19e3e41238b7 Downloading 34.6MB
 6e6085636f02 Downloading 20.97MB
 19e3e41238b7 Downloading 35.65MB
 ed3491c71852 Downloading 26.21MB
 6e6085636f02 Downloading 20.97MB
 ed3491c71852 Downloading 27.26MB
 19e3e41238b7 Downloading 35.65MB
 6e6085636f02 Downloading 22.02MB
 ed3491c71852 Downloading 27.26MB
 19e3e41238b7 Downloading 35.65MB
 6e6085636f02 Downloading 22.02MB
 ed3491c71852 Downloading 27.26MB
 19e3e41238b7 Downloading 36.7MB
 6e6085636f02 Downloading 22.02MB
 19e3e41238b7 Downloading 36.7MB
 ed3491c71852 Downloading 28.31MB
 6e6085636f02 Downloading 23.07MB
 ed3491c71852 Downloading 28.31MB
 19e3e41238b7 Downloading 37.75MB
 6e6085636f02 Downloading 23.07MB
 ed3491c71852 Downloading 28.31MB
 19e3e41238b7 Downloading 37.75MB
 6e6085636f02 Downloading 23.07MB
 ed3491c71852 Downloading 29.36MB
 19e3e41238b7 Downloading 37.75MB
 6e6085636f02 Downloading 24.12MB
 ed3491c71852 Downloading 29.36MB
 19e3e41238b7 Downloading 38.8MB
 6e6085636f02 Downloading 24.12MB
 ed3491c71852 Downloading 29.36MB
 19e3e41238b7 Downloading 38.8MB
 6e6085636f02 Downloading 25.17MB
 ed3491c71852 Downloading 30.41MB
 19e3e41238b7 Downloading 38.8MB
 6e6085636f02 Downloading 25.17MB
 ed3491c71852 Downloading 30.41MB
 19e3e41238b7 Downloading 39.85MB
 6e6085636f02 Downloading 26.21MB
 19e3e41238b7 Downloading 39.85MB
 ed3491c71852 Downloading 30.41MB
 6e6085636f02 Downloading 26.21MB
 ed3491c71852 Downloading 30.41MB
 19e3e41238b7 Downloading 40.89MB
 6e6085636f02 Downloading 27.26MB
 ed3491c71852 Downloading 31.46MB
 19e3e41238b7 Downloading 40.89MB
 6e6085636f02 Downloading 27.26MB
 ed3491c71852 Downloading 31.46MB
 19e3e41238b7 Downloading 40.89MB
 6e6085636f02 Downloading 27.26MB
 19e3e41238b7 Downloading 41.94MB
 ed3491c71852 Downloading 31.46MB
 6e6085636f02 Downloading 28.31MB
 ed3491c71852 Downloading 31.46MB
 19e3e41238b7 Downloading 41.94MB
 6e6085636f02 Downloading 28.31MB
 19e3e41238b7 Downloading 42.99MB
 ed3491c71852 Downloading 32.51MB
 6e6085636f02 Downloading 29.36MB
 ed3491c71852 Downloading 32.51MB
 19e3e41238b7 Downloading 42.99MB
 6e6085636f02 Downloading 29.36MB
 ed3491c71852 Downloading 32.51MB
 19e3e41238b7 Downloading 44.04MB
 6e6085636f02 Downloading 30.41MB
 ed3491c71852 Downloading 32.51MB
 19e3e41238b7 Downloading 44.04MB
 6e6085636f02 Downloading 30.41MB
 ed3491c71852 Downloading 32.51MB
 19e3e41238b7 Downloading 45.09MB
 6e6085636f02 Downloading 31.46MB
 19e3e41238b7 Downloading 45.09MB
 ed3491c71852 Downloading 33.55MB
 6e6085636f02 Downloading 31.46MB
 ed3491c71852 Downloading 33.55MB
 19e3e41238b7 Downloading 46.14MB
 6e6085636f02 Downloading 32.51MB
 ed3491c71852 Downloading 33.55MB
 19e3e41238b7 Downloading 46.14MB
 6e6085636f02 Downloading 32.51MB
 19e3e41238b7 Downloading 47.19MB
 ed3491c71852 Downloading 33.55MB
 6e6085636f02 Downloading 32.51MB
 ed3491c71852 Downloading 33.55MB
 19e3e41238b7 Downloading 47.19MB
 6e6085636f02 Downloading 33.55MB
 ed3491c71852 Downloading 33.55MB
 19e3e41238b7 Downloading 48.23MB
 6e6085636f02 Downloading 33.55MB
 ed3491c71852 Downloading 33.55MB
 19e3e41238b7 Downloading 48.23MB
 6e6085636f02 Downloading 34.6MB
 19e3e41238b7 Downloading 49.28MB
 ed3491c71852 Downloading 34.6MB
 6e6085636f02 Downloading 34.6MB
 ed3491c71852 Downloading 34.6MB
 19e3e41238b7 Downloading 49.28MB
 6e6085636f02 Downloading 35.65MB
 ed3491c71852 Downloading 34.6MB
 19e3e41238b7 Downloading 49.28MB
 6e6085636f02 Downloading 35.65MB
 ed3491c71852 Downloading 34.6MB
 19e3e41238b7 Downloading 50.33MB
 6e6085636f02 Downloading 36.7MB
 ed3491c71852 Downloading 35.65MB
 19e3e41238b7 Downloading 50.33MB
 6e6085636f02 Downloading 36.7MB
 ed3491c71852 Downloading 35.65MB
 19e3e41238b7 Downloading 51.38MB
 6e6085636f02 Downloading 37.75MB
 19e3e41238b7 Downloading 51.38MB
 ed3491c71852 Downloading 35.65MB
 6e6085636f02 Downloading 37.75MB
 ed3491c71852 Downloading 35.65MB
 19e3e41238b7 Downloading 51.38MB
 6e6085636f02 Downloading 38.8MB
 ed3491c71852 Downloading 35.65MB
 19e3e41238b7 Downloading 52.43MB
 6e6085636f02 Downloading 39.85MB
 ed3491c71852 Downloading 36.7MB
 19e3e41238b7 Downloading 52.43MB
 6e6085636f02 Downloading 39.85MB
 ed3491c71852 Downloading 36.7MB
 19e3e41238b7 Downloading 52.43MB
 6e6085636f02 Downloading 40.89MB
 ed3491c71852 Downloading 36.7MB
 19e3e41238b7 Downloading 53.48MB
 6e6085636f02 Downloading 40.89MB
 19e3e41238b7 Downloading 53.48MB
 ed3491c71852 Downloading 36.7MB
 6e6085636f02 Downloading 41.94MB
 ed3491c71852 Downloading 37.75MB
 19e3e41238b7 Downloading 53.48MB
 6e6085636f02 Downloading 41.94MB
 ed3491c71852 Downloading 37.75MB
 19e3e41238b7 Downloading 54.53MB
 6e6085636f02 Downloading 41.94MB
 19e3e41238b7 Downloading 54.53MB
 ed3491c71852 Downloading 38.8MB
 6e6085636f02 Downloading 42.99MB
 ed3491c71852 Downloading 38.8MB
 19e3e41238b7 Downloading 54.53MB
 6e6085636f02 Downloading 42.99MB
 19e3e41238b7 Downloading 55.57MB
 ed3491c71852 Downloading 38.8MB
 6e6085636f02 Downloading 42.99MB
 ed3491c71852 Downloading 39.85MB
 19e3e41238b7 Downloading 55.57MB
 6e6085636f02 Downloading 44.04MB
 19e3e41238b7 Downloading 56.62MB
 ed3491c71852 Downloading 39.85MB
 6e6085636f02 Downloading 44.04MB
 ed3491c71852 Downloading 40.89MB
 19e3e41238b7 Downloading 56.62MB
 6e6085636f02 Downloading 44.04MB
 ed3491c71852 Downloading 40.89MB
 19e3e41238b7 Downloading 56.62MB
 6e6085636f02 Downloading 45.09MB
 ed3491c71852 Downloading 40.89MB
 19e3e41238b7 Download complete 0B
 19e3e41238b7 Extracting 1B
 6e6085636f02 Downloading 45.09MB
 ed3491c71852 Downloading 41.94MB
 19e3e41238b7 Extracting 1B
 6e6085636f02 Downloading 46.14MB
 ed3491c71852 Downloading 42.99MB
 19e3e41238b7 Extracting 1B
 6e6085636f02 Downloading 46.14MB
 ed3491c71852 Downloading 42.99MB
 19e3e41238b7 Pull complete 0B
 6e6085636f02 Downloading 47.19MB
 ed3491c71852 Downloading 44.04MB
 6e6085636f02 Downloading 47.19MB
 ed3491c71852 Downloading 45.09MB
 6e6085636f02 Downloading 48.23MB
 ed3491c71852 Downloading 45.09MB
 6e6085636f02 Downloading 48.23MB
 ed3491c71852 Downloading 46.14MB
 6e6085636f02 Downloading 49.28MB
 ed3491c71852 Downloading 46.14MB
 6e6085636f02 Downloading 49.28MB
 ed3491c71852 Downloading 47.67MB
 6e6085636f02 Downloading 50.33MB
 ed3491c71852 Download complete 0B
 ed3491c71852 Extracting 1B
 6e6085636f02 Downloading 51.38MB
 ed3491c71852 Extracting 1B
 6e6085636f02 Downloading 52.43MB
 ffe63bd2bf8c Extracting 1B
 e2a8f759da02 Pull complete 0B
 ed3491c71852 Pull complete 0B
 6e6085636f02 Downloading 53.48MB
 356118db25e3 Pull complete 0B
 ffe63bd2bf8c Pull complete 0B
 2289dffc95ae Pull complete 0B
 0fe6f1142ce7 Pull complete 0B
 Image prom/prometheus:latest Pulled 
 6e6085636f02 Downloading 54.53MB
 6e6085636f02 Downloading 55.57MB
 6e6085636f02 Downloading 56.62MB
 6e6085636f02 Downloading 57.67MB
 6e6085636f02 Downloading 57.67MB
 6e6085636f02 Downloading 58.72MB
 6e6085636f02 Downloading 59.77MB
 6e6085636f02 Downloading 59.77MB
 6e6085636f02 Downloading 60.82MB
 6e6085636f02 Downloading 61.87MB
 6e6085636f02 Downloading 61.87MB
 6e6085636f02 Downloading 62.91MB
 6e6085636f02 Downloading 63.96MB
 6e6085636f02 Downloading 65.01MB
 6e6085636f02 Downloading 65.01MB
 6e6085636f02 Downloading 66.06MB
 6e6085636f02 Downloading 67.11MB
 6e6085636f02 Downloading 68.16MB
 6e6085636f02 Downloading 69.21MB
 6e6085636f02 Downloading 70.25MB
 6e6085636f02 Downloading 72.35MB
 6e6085636f02 Downloading 73.4MB
 6e6085636f02 Downloading 74.45MB
 6e6085636f02 Downloading 75.5MB
 6e6085636f02 Downloading 76.55MB
 6e6085636f02 Downloading 77.59MB
 6e6085636f02 Downloading 78.64MB
 6e6085636f02 Downloading 79.69MB
 6e6085636f02 Downloading 80.74MB
 6e6085636f02 Downloading 82.84MB
 6e6085636f02 Downloading 83.89MB
 6e6085636f02 Downloading 84.93MB
 6e6085636f02 Downloading 85.98MB
 6e6085636f02 Downloading 87.03MB
 6e6085636f02 Downloading 88.08MB
 6e6085636f02 Downloading 89.13MB
 6e6085636f02 Downloading 90.18MB
 6e6085636f02 Downloading 91.23MB
 6e6085636f02 Downloading 93.32MB
 6e6085636f02 Downloading 94.37MB
 6e6085636f02 Downloading 95.42MB
 6e6085636f02 Downloading 96.47MB
 6e6085636f02 Downloading 97.52MB
 6e6085636f02 Downloading 98.57MB
 6e6085636f02 Downloading 99.61MB
 6e6085636f02 Downloading 100.7MB
 6e6085636f02 Downloading 102.8MB
 6e6085636f02 Downloading 103.8MB
 6e6085636f02 Downloading 104.9MB
 6e6085636f02 Downloading 105.9MB
 6e6085636f02 Downloading 107MB
 6e6085636f02 Downloading 108MB
 6e6085636f02 Downloading 109.1MB
 6e6085636f02 Downloading 110.1MB
 6e6085636f02 Downloading 111.1MB
 6e6085636f02 Downloading 113.2MB
 6e6085636f02 Downloading 114.3MB
 6e6085636f02 Downloading 115.3MB
 6e6085636f02 Downloading 116.4MB
 6e6085636f02 Downloading 117.4MB
 6e6085636f02 Downloading 118.5MB
 6e6085636f02 Downloading 119.5MB
 6e6085636f02 Downloading 120.6MB
 6e6085636f02 Downloading 121.6MB
 6e6085636f02 Downloading 123.7MB
 6e6085636f02 Downloading 124.8MB
 6e6085636f02 Downloading 125.8MB
 6e6085636f02 Downloading 126.9MB
 6e6085636f02 Downloading 127.9MB
 6e6085636f02 Downloading 129MB
 6e6085636f02 Downloading 130MB
 6e6085636f02 Downloading 131.1MB
 6e6085636f02 Downloading 132.1MB
 6e6085636f02 Downloading 134.2MB
 6e6085636f02 Downloading 135.3MB
 6e6085636f02 Downloading 136.3MB
 6e6085636f02 Downloading 137.4MB
 6e6085636f02 Downloading 138.4MB
 6e6085636f02 Downloading 139.5MB
 6e6085636f02 Downloading 140.5MB
 6e6085636f02 Downloading 141.6MB
 6e6085636f02 Downloading 142.6MB
 6e6085636f02 Downloading 144.7MB
 6e6085636f02 Downloading 145.8MB
 6e6085636f02 Downloading 146.8MB
 6e6085636f02 Downloading 147.8MB
 6e6085636f02 Downloading 148.9MB
 6e6085636f02 Downloading 149.9MB
 6e6085636f02 Downloading 151MB
 6e6085636f02 Downloading 152MB
 6e6085636f02 Downloading 153.1MB
 6e6085636f02 Downloading 155.2MB
 6e6085636f02 Downloading 156.2MB
 6e6085636f02 Downloading 157.3MB
 6e6085636f02 Downloading 158.3MB
 6e6085636f02 Downloading 159.4MB
 6e6085636f02 Downloading 160.4MB
 6e6085636f02 Downloading 161.5MB
 6e6085636f02 Downloading 162.5MB
 6e6085636f02 Downloading 164.6MB
 6e6085636f02 Downloading 165.7MB
 6e6085636f02 Downloading 166.7MB
 6e6085636f02 Downloading 167.8MB
 6e6085636f02 Downloading 168.8MB
 6e6085636f02 Downloading 169.9MB
 6e6085636f02 Downloading 170.9MB
 6e6085636f02 Downloading 172MB
 6e6085636f02 Downloading 173MB
 6e6085636f02 Downloading 175.1MB
 6e6085636f02 Downloading 176.2MB
 6e6085636f02 Downloading 177.2MB
 6e6085636f02 Downloading 178.3MB
 6e6085636f02 Downloading 179.3MB
 6e6085636f02 Downloading 180.4MB
 6e6085636f02 Downloading 181.4MB
 6e6085636f02 Downloading 182.5MB
 6e6085636f02 Downloading 183.5MB
 6e6085636f02 Downloading 185.6MB
 6e6085636f02 Downloading 186.6MB
 6e6085636f02 Downloading 187.7MB
 6e6085636f02 Downloading 188.7MB
 6e6085636f02 Downloading 189.8MB
 6e6085636f02 Downloading 190.8MB
 6e6085636f02 Downloading 191.9MB
 6e6085636f02 Downloading 192.9MB
 6e6085636f02 Downloading 194MB
 6e6085636f02 Downloading 195MB
 6e6085636f02 Downloading 196.1MB
 6e6085636f02 Downloading 197.1MB
 6e6085636f02 Downloading 198.2MB
 6e6085636f02 Downloading 199.2MB
 6e6085636f02 Downloading 200.3MB
 6e6085636f02 Downloading 201.3MB
 6e6085636f02 Downloading 202.4MB
 6e6085636f02 Downloading 203.4MB
 6e6085636f02 Downloading 204.5MB
 6e6085636f02 Downloading 205.5MB
 6e6085636f02 Downloading 206.6MB
 6e6085636f02 Downloading 207.6MB
 6e6085636f02 Downloading 208.7MB
 6e6085636f02 Downloading 209.7MB
 6e6085636f02 Downloading 210.8MB
 6e6085636f02 Downloading 211.8MB
 6e6085636f02 Downloading 211.8MB
 6e6085636f02 Downloading 212.9MB
 6e6085636f02 Downloading 213.9MB
 6e6085636f02 Downloading 215MB
 6e6085636f02 Downloading 215MB
 6e6085636f02 Downloading 216MB
 6e6085636f02 Downloading 217.1MB
 6e6085636f02 Downloading 217.1MB
 6e6085636f02 Downloading 218.1MB
 6e6085636f02 Downloading 219.2MB
 6e6085636f02 Downloading 220.2MB
 6e6085636f02 Downloading 221.2MB
 6e6085636f02 Downloading 222.3MB
 6e6085636f02 Downloading 223.3MB
 6e6085636f02 Downloading 224.4MB
 6e6085636f02 Downloading 226.5MB
 6e6085636f02 Downloading 227.5MB
 6e6085636f02 Downloading 228.6MB
 6e6085636f02 Downloading 228.6MB
 6e6085636f02 Downloading 229.6MB
 6e6085636f02 Downloading 231.7MB
 6e6085636f02 Downloading 232.8MB
 6e6085636f02 Downloading 233.8MB
 6e6085636f02 Downloading 234.9MB
 6e6085636f02 Downloading 235.9MB
 6e6085636f02 Downloading 237MB
 6e6085636f02 Downloading 238MB
 6e6085636f02 Downloading 239.1MB
 6e6085636f02 Downloading 240.1MB
 6e6085636f02 Downloading 241.2MB
 6e6085636f02 Downloading 242.2MB
 6e6085636f02 Downloading 243.3MB
 6e6085636f02 Downloading 244.3MB
 6e6085636f02 Downloading 245.4MB
 6e6085636f02 Downloading 247.5MB
 6e6085636f02 Downloading 248.5MB
 6e6085636f02 Downloading 249.6MB
 6e6085636f02 Downloading 250.6MB
 6e6085636f02 Downloading 251.7MB
 6e6085636f02 Downloading 252.7MB
 6e6085636f02 Downloading 253.8MB
 6e6085636f02 Downloading 254.8MB
 6e6085636f02 Downloading 255.9MB
 6e6085636f02 Downloading 256.9MB
 6e6085636f02 Downloading 257.9MB
 6e6085636f02 Downloading 259MB
 6e6085636f02 Downloading 260MB
 6e6085636f02 Downloading 261.1MB
 6e6085636f02 Downloading 262.1MB
 6e6085636f02 Downloading 263.2MB
 6e6085636f02 Downloading 264.2MB
 6e6085636f02 Downloading 265.3MB
 6e6085636f02 Downloading 266.3MB
 6e6085636f02 Downloading 267.4MB
 6e6085636f02 Downloading 268.4MB
 6e6085636f02 Downloading 269.5MB
 6e6085636f02 Downloading 270.5MB
 6e6085636f02 Downloading 271.6MB
 6e6085636f02 Downloading 272.6MB
 6e6085636f02 Downloading 274.7MB
 6e6085636f02 Downloading 275.8MB
 6e6085636f02 Downloading 276.8MB
 6e6085636f02 Downloading 277.9MB
 6e6085636f02 Downloading 278.9MB
 6e6085636f02 Downloading 280MB
 6e6085636f02 Downloading 281MB
 6e6085636f02 Downloading 282.1MB
 6e6085636f02 Downloading 283.1MB
 6e6085636f02 Downloading 284.2MB
 6e6085636f02 Downloading 286.3MB
 6e6085636f02 Downloading 287.3MB
 6e6085636f02 Downloading 288.4MB
 6e6085636f02 Downloading 289.4MB
 6e6085636f02 Downloading 290.5MB
 6e6085636f02 Downloading 291.5MB
 6e6085636f02 Downloading 292.6MB
 6e6085636f02 Downloading 293.6MB
 6e6085636f02 Downloading 294.6MB
 6e6085636f02 Downloading 296.7MB
 6e6085636f02 Downloading 297.8MB
 6e6085636f02 Downloading 298.8MB
 6e6085636f02 Downloading 299.9MB
 6e6085636f02 Downloading 300.9MB
 6e6085636f02 Downloading 302MB
 6e6085636f02 Downloading 303MB
 6e6085636f02 Downloading 304.1MB
 6e6085636f02 Downloading 305.1MB
 6e6085636f02 Downloading 307.2MB
 6e6085636f02 Downloading 308.3MB
 6e6085636f02 Downloading 309.3MB
 6e6085636f02 Downloading 310.4MB
 6e6085636f02 Downloading 311.4MB
 6e6085636f02 Downloading 312.5MB
 6e6085636f02 Downloading 313.5MB
 6e6085636f02 Downloading 314.6MB
 6e6085636f02 Downloading 315.6MB
 6e6085636f02 Downloading 317.7MB
 6e6085636f02 Downloading 318.8MB
 6e6085636f02 Downloading 319.8MB
 6e6085636f02 Downloading 320.9MB
 6e6085636f02 Downloading 321.9MB
 6e6085636f02 Downloading 323MB
 6e6085636f02 Downloading 324MB
 6e6085636f02 Downloading 325.1MB
 6e6085636f02 Downloading 327.2MB
 6e6085636f02 Downloading 328.2MB
 6e6085636f02 Downloading 329.3MB
 6e6085636f02 Downloading 330.3MB
 6e6085636f02 Downloading 331.4MB
 6e6085636f02 Downloading 332.4MB
 6e6085636f02 Downloading 333.4MB
 6e6085636f02 Downloading 334.5MB
 6e6085636f02 Downloading 335.5MB
 6e6085636f02 Downloading 337.6MB
 6e6085636f02 Downloading 338.9MB
 6e6085636f02 Download complete 0B
 6e6085636f02 Extracting 1B
 6e6085636f02 Extracting 1B
 6e6085636f02 Extracting 1B
 6e6085636f02 Extracting 1B
 6e6085636f02 Extracting 1B
 6e6085636f02 Extracting 1B
 6e6085636f02 Extracting 1B
 6e6085636f02 Extracting 1B
 6e6085636f02 Extracting 1B
 6e6085636f02 Extracting 1B
 6e6085636f02 Extracting 1B
 6e6085636f02 Extracting 2B
 6e6085636f02 Extracting 2B
 6e6085636f02 Extracting 2B
 6e6085636f02 Extracting 2B
 6e6085636f02 Extracting 2B
 6e6085636f02 Extracting 2B
 6e6085636f02 Extracting 2B
 6e6085636f02 Extracting 2B
 6e6085636f02 Extracting 2B
 6e6085636f02 Extracting 2B
 6e6085636f02 Extracting 3B
 6e6085636f02 Extracting 3B
 6e6085636f02 Extracting 3B
 6e6085636f02 Extracting 3B
 6e6085636f02 Extracting 3B
 6e6085636f02 Extracting 3B
 6e6085636f02 Extracting 3B
 6e6085636f02 Extracting 3B
 6e6085636f02 Extracting 3B
 6e6085636f02 Extracting 3B
 6e6085636f02 Extracting 4B
 6e6085636f02 Extracting 4B
 6e6085636f02 Extracting 4B
 6e6085636f02 Extracting 4B
 6e6085636f02 Extracting 4B
 6e6085636f02 Extracting 4B
 6e6085636f02 Extracting 4B
 6e6085636f02 Extracting 4B
 5ed3d4d076b0 Extracting 1B
 6e6085636f02 Pull complete 0B
 5ed3d4d076b0 Extracting 1B
 7e079c586e0d Pull complete 0B
 5ed3d4d076b0 Pull complete 0B
 4f4fb700ef54 Pull complete 0B
 ffd68bafd674 Pull complete 0B
 Image grafana/grafana:latest Pulled 
 Container resiso-prometheus Creating 
 Container resiso-prometheus Created 
 Container resiso-grafana Creating 
 Container resiso-grafana Created 
 Container resiso-prometheus Starting 
 Container resiso-prometheus Started 
 Container resiso-grafana Starting 
 Container resiso-grafana Started 

=== Monitoring Stack Started ===

  Prometheus: http://localhost:9090
  Grafana:    http://localhost:3000 (admin/admin)

  Dashboard:  LED Control Demo - TIMPANI vs Normal

Waiting for metrics from LED controllers:
  - led-timpani-ctrl: http://localhost:9101/metrics
  - led-normal-ctrl:  http://localhost:9102/metrics

To stop: docker compose down
